[18-Jun-2020 17:17:43 UTC] PHP Warning:  preg_replace(): Compilation failed: regular expression is too large at offset 8701580 in /var/www/html/backend/models/User.php on line 1745
[18-Jun-2020 17:17:43 UTC] 
[18-Jun-2020 17:17:43 UTC] PHP Warning:  preg_replace(): Compilation failed: regular expression is too large at offset 8701580 in /var/www/html/backend/models/User.php on line 1746
[18-Jun-2020 17:17:43 UTC] 
[18-Jun-2020 17:19:24 UTC] PHP Warning:  preg_replace(): Unknown modifier 'p' in /var/www/html/backend/models/User.php on line 1745
[18-Jun-2020 17:19:24 UTC] 
[18-Jun-2020 17:19:24 UTC] PHP Warning:  preg_replace(): Unknown modifier 'p' in /var/www/html/backend/models/User.php on line 1746
[18-Jun-2020 17:19:24 UTC] 
[18-Jun-2020 17:20:57 UTC] PHP Warning:  preg_replace(): Unknown modifier 'p' in /var/www/html/backend/models/User.php on line 1745
[18-Jun-2020 17:20:57 UTC] 
[18-Jun-2020 17:20:57 UTC] PHP Warning:  preg_replace(): Unknown modifier 'p' in /var/www/html/backend/models/User.php on line 1746
[18-Jun-2020 17:20:57 UTC] 
[18-Jun-2020 17:22:29 UTC] PHP Warning:  preg_replace(): Compilation failed: regular expression is too large at offset 8701580 in /var/www/html/backend/models/User.php on line 1745
[18-Jun-2020 17:22:29 UTC] 
[18-Jun-2020 17:22:29 UTC] PHP Warning:  preg_replace(): Unknown modifier 'p' in /var/www/html/backend/models/User.php on line 1746
[18-Jun-2020 17:22:29 UTC] 
[18-Jun-2020 17:33:13 UTC] 22
[18-Jun-2020 17:33:17 UTC] PHP Fatal error:  Uncaught Error: Call to undefined method User::str_replace_nth() in /var/www/html/backend/models/User.php:1754
Stack trace:
#0 /var/www/html/backend/controller/AppController.php(440): User->addToDo(Object(stdClass))
#1 /var/www/html/backend/index.php(6): AppController->route()
#2 {main}
  thrown in /var/www/html/backend/models/User.php on line 1754
[18-Jun-2020 18:46:52 UTC] PHP Fatal error:  Uncaught Error: Call to undefined function nlbr2() in /var/www/html/backend/models/User.php:1895
Stack trace:
#0 /var/www/html/backend/models/User.php(1861): User->sendToDoResolvedEmail(Object(stdClass))
#1 /var/www/html/backend/controller/AppController.php(468): User->changeToDoStatus(Object(stdClass))
#2 /var/www/html/backend/index.php(6): AppController->route()
#3 {main}
  thrown in /var/www/html/backend/models/User.php on line 1895
[18-Jun-2020 18:47:54 UTC] PHP Fatal error:  Uncaught Error: Call to undefined function nlbr2() in /var/www/html/backend/models/User.php:1895
Stack trace:
#0 /var/www/html/backend/models/User.php(1861): User->sendToDoResolvedEmail(Object(stdClass))
#1 /var/www/html/backend/controller/AppController.php(468): User->changeToDoStatus(Object(stdClass))
#2 /var/www/html/backend/index.php(6): AppController->route()
#3 {main}
  thrown in /var/www/html/backend/models/User.php on line 1895
[18-Jun-2020 20:21:21 UTC] PHP Fatal error:  Uncaught Error: Call to undefined function nlbr2() in /var/www/html/backend/models/User.php:1895
Stack trace:
#0 /var/www/html/backend/models/User.php(1861): User->sendToDoResolvedEmail(Object(stdClass))
#1 /var/www/html/backend/controller/AppController.php(468): User->changeToDoStatus(Object(stdClass))
#2 /var/www/html/backend/index.php(6): AppController->route()
#3 {main}
  thrown in /var/www/html/backend/models/User.php on line 1895
[18-Jun-2020 20:22:11 UTC] PHP Fatal error:  Uncaught Error: Call to undefined function nlbr2() in /var/www/html/backend/models/User.php:1895
Stack trace:
#0 /var/www/html/backend/models/User.php(1861): User->sendToDoResolvedEmail(Object(stdClass))
#1 /var/www/html/backend/controller/AppController.php(468): User->changeToDoStatus(Object(stdClass))
#2 /var/www/html/backend/index.php(6): AppController->route()
#3 {main}
  thrown in /var/www/html/backend/models/User.php on line 1895
[18-Jun-2020 20:24:01 UTC] PHP Fatal error:  Uncaught Error: Call to undefined function nlbr2() in /var/www/html/backend/models/User.php:1895
Stack trace:
#0 /var/www/html/backend/models/User.php(1861): User->sendToDoResolvedEmail(Object(stdClass))
#1 /var/www/html/backend/controller/AppController.php(468): User->changeToDoStatus(Object(stdClass))
#2 /var/www/html/backend/index.php(6): AppController->route()
#3 {main}
  thrown in /var/www/html/backend/models/User.php on line 1895
[18-Jun-2020 20:25:44 UTC] PHP Fatal error:  Uncaught Error: Call to undefined function nlbr2() in /var/www/html/backend/models/User.php:1895
Stack trace:
#0 /var/www/html/backend/models/User.php(1861): User->sendToDoResolvedEmail(Object(stdClass))
#1 /var/www/html/backend/controller/AppController.php(468): User->changeToDoStatus(Object(stdClass))
#2 /var/www/html/backend/index.php(6): AppController->route()
#3 {main}
  thrown in /var/www/html/backend/models/User.php on line 1895
[18-Jun-2020 20:27:14 UTC] PHP Fatal error:  Uncaught Error: Call to undefined function nlbr2() in /var/www/html/backend/models/User.php:1895
Stack trace:
#0 /var/www/html/backend/models/User.php(1861): User->sendToDoResolvedEmail(Object(stdClass))
#1 /var/www/html/backend/controller/AppController.php(468): User->changeToDoStatus(Object(stdClass))
#2 /var/www/html/backend/index.php(6): AppController->route()
#3 {main}
  thrown in /var/www/html/backend/models/User.php on line 1895
[18-Jun-2020 20:28:55 UTC] out
[18-Jun-2020 20:28:57 UTC] out
[18-Jun-2020 20:28:57 UTC] in resolved
[18-Jun-2020 20:28:57 UTC] in ex
[18-Jun-2020 20:28:57 UTC] PHP Fatal error:  Uncaught Error: Call to undefined function nlbr2() in /var/www/html/backend/models/User.php:1898
Stack trace:
#0 /var/www/html/backend/models/User.php(1864): User->sendToDoResolvedEmail(Object(stdClass))
#1 /var/www/html/backend/controller/AppController.php(468): User->changeToDoStatus(Object(stdClass))
#2 /var/www/html/backend/index.php(6): AppController->route()
#3 {main}
  thrown in /var/www/html/backend/models/User.php on line 1898
[18-Jun-2020 20:30:36 UTC] out
[18-Jun-2020 20:30:38 UTC] out
[18-Jun-2020 20:30:38 UTC] in resolved
[18-Jun-2020 20:30:38 UTC] in ex
[18-Jun-2020 20:30:38 UTC] PHP Fatal error:  Uncaught Error: Call to undefined function nlbr2() in /var/www/html/backend/models/User.php:1900
Stack trace:
#0 /var/www/html/backend/models/User.php(1864): User->sendToDoResolvedEmail(Object(stdClass))
#1 /var/www/html/backend/controller/AppController.php(468): User->changeToDoStatus(Object(stdClass))
#2 /var/www/html/backend/index.php(6): AppController->route()
#3 {main}
  thrown in /var/www/html/backend/models/User.php on line 1900
[18-Jun-2020 20:34:27 UTC] out
[18-Jun-2020 20:34:32 UTC] out
[18-Jun-2020 20:34:32 UTC] in resolved
[18-Jun-2020 20:34:32 UTC] in ex
[18-Jun-2020 20:34:32 UTC] PHP Fatal error:  Uncaught Error: Call to undefined function nlbr2() in /var/www/html/backend/models/User.php:1898
Stack trace:
#0 /var/www/html/backend/models/User.php(1864): User->sendToDoResolvedEmail(Object(stdClass))
#1 /var/www/html/backend/controller/AppController.php(468): User->changeToDoStatus(Object(stdClass))
#2 /var/www/html/backend/index.php(6): AppController->route()
#3 {main}
  thrown in /var/www/html/backend/models/User.php on line 1898
[18-Jun-2020 20:38:22 UTC] itt
[18-Jun-2020 20:38:22 UTC] ott
[18-Jun-2020 20:38:22 UTC] siker
[18-Jun-2020 20:38:22 UTC] PHP Fatal error:  Uncaught Error: Call to undefined function nlbr2() in /var/www/html/backend/models/User.php:1898
Stack trace:
#0 /var/www/html/backend/models/User.php(1862): User->sendToDoResolvedEmail(Object(stdClass))
#1 /var/www/html/backend/controller/AppController.php(468): User->changeToDoStatus(Object(stdClass))
#2 /var/www/html/backend/index.php(6): AppController->route()
#3 {main}
  thrown in /var/www/html/backend/models/User.php on line 1898
[18-Jun-2020 20:39:24 UTC] itt
[18-Jun-2020 20:39:24 UTC] ott
[18-Jun-2020 20:39:24 UTC] siker
[18-Jun-2020 20:39:24 UTC] ult
[18-Jun-2020 20:40:49 UTC] itt
[18-Jun-2020 20:40:49 UTC] ott
[18-Jun-2020 20:40:49 UTC] siker
[18-Jun-2020 20:40:49 UTC] ult
[18-Jun-2020 20:47:58 UTC] itt
[18-Jun-2020 20:47:58 UTC] ott
[18-Jun-2020 20:47:58 UTC] siker
[18-Jun-2020 20:47:58 UTC] ult
[18-Jun-2020 20:48:36 UTC] itt
[18-Jun-2020 20:49:38 UTC] itt
[18-Jun-2020 20:59:51 UTC] PHP Notice:  Undefined variable: userid in /var/www/html/backend/models/BugReportTool.php on line 804
[18-Jun-2020 21:00:09 UTC] PHP Notice:  Undefined variable: userid in /var/www/html/backend/models/BugReportTool.php on line 797
[18-Jun-2020 21:00:49 UTC] PHP Notice:  Undefined variable: userid in /var/www/html/backend/models/BugReportTool.php on line 804
[18-Jun-2020 21:04:58 UTC] PHP Notice:  Undefined variable: userid in /var/www/html/backend/models/BugReportTool.php on line 797
[18-Jun-2020 21:08:09 UTC] 1
[18-Jun-2020 21:08:09 UTC] 2
[18-Jun-2020 21:08:09 UTC] 3
[19-Jun-2020 10:05:01 UTC] PHP Fatal error:  Uncaught Error: Call to undefined method DailyBugReportTeamMember::sendBugReport() in /var/www/html/backend/daily_bug_report_team_member.php:110
Stack trace:
#0 {main}
  thrown in /var/www/html/backend/daily_bug_report_team_member.php on line 110
[19-Jun-2020 10:09:01 UTC] PHP Warning:  PDOStatement::execute(): SQLSTATE[HY093]: Invalid parameter number: parameter was not defined in /var/www/html/backend/daily_bug_report_team_member.php on line 21
[19-Jun-2020 10:11:29 UTC] PHP Warning:  PDOStatement::execute(): SQLSTATE[HY093]: Invalid parameter number: parameter was not defined in /var/www/html/backend/daily_bug_report_team_member.php on line 21
[19-Jun-2020 10:14:43 UTC] PHP Notice:  Undefined variable: screenshot in /var/www/html/backend/models/BugReportTool.php on line 861
[19-Jun-2020 10:14:43 UTC] PHP Notice:  Undefined variable: screenshot in /var/www/html/backend/models/BugReportTool.php on line 898
[19-Jun-2020 10:14:44 UTC] in
[19-Jun-2020 10:14:44 UTC] PHP Notice:  Undefined variable: screenshot in /var/www/html/backend/models/BugReportTool.php on line 861
[19-Jun-2020 10:14:44 UTC] PHP Notice:  Undefined variable: screenshot in /var/www/html/backend/models/BugReportTool.php on line 898
[19-Jun-2020 10:14:46 UTC] in
[19-Jun-2020 10:18:01 UTC] 1
[19-Jun-2020 10:26:04 UTC] 1
[19-Jun-2020 10:27:05 UTC] 1
[19-Jun-2020 10:27:59 UTC] 0
[19-Jun-2020 10:27:59 UTC] matetoth.com
[19-Jun-2020 10:27:59 UTC] 1
[19-Jun-2020 10:27:59 UTC] 2
[19-Jun-2020 10:27:59 UTC] 3
[19-Jun-2020 10:27:59 UTC] 3
[19-Jun-2020 10:27:59 UTC] 4
[19-Jun-2020 10:27:59 UTC] 5
[19-Jun-2020 10:27:59 UTC] PHP Warning:  Creating default object from empty value in /var/www/html/backend/daily_bug_report_team_member.php on line 93
[19-Jun-2020 11:32:15 UTC] PHP Parse error:  syntax error, unexpected '$domain_array' (T_VARIABLE) in /var/www/html/backend/models/User.php on line 1203
[19-Jun-2020 11:32:32 UTC] PHP Parse error:  syntax error, unexpected '$domain_array' (T_VARIABLE) in /var/www/html/backend/models/User.php on line 1203
[19-Jun-2020 11:33:01 UTC] PHP Parse error:  syntax error, unexpected '$domain_array' (T_VARIABLE) in /var/www/html/backend/models/User.php on line 1203
[19-Jun-2020 11:33:27 UTC] PHP Parse error:  syntax error, unexpected '$domain_array' (T_VARIABLE) in /var/www/html/backend/models/User.php on line 1200
[19-Jun-2020 11:33:29 UTC] PHP Parse error:  syntax error, unexpected '$domain_array' (T_VARIABLE) in /var/www/html/backend/models/User.php on line 1200
[19-Jun-2020 11:33:31 UTC] PHP Parse error:  syntax error, unexpected '$domain_array' (T_VARIABLE) in /var/www/html/backend/models/User.php on line 1200
[19-Jun-2020 11:33:31 UTC] PHP Parse error:  syntax error, unexpected '$domain_array' (T_VARIABLE) in /var/www/html/backend/models/User.php on line 1200
[19-Jun-2020 11:33:33 UTC] PHP Parse error:  syntax error, unexpected '$domain_array' (T_VARIABLE) in /var/www/html/backend/models/User.php on line 1200
[19-Jun-2020 11:34:01 UTC] PHP Parse error:  syntax error, unexpected '$domain_array' (T_VARIABLE) in /var/www/html/backend/models/User.php on line 1200
[19-Jun-2020 11:34:29 UTC] PHP Parse error:  syntax error, unexpected '$domain_array' (T_VARIABLE) in /var/www/html/backend/models/User.php on line 1203
[19-Jun-2020 11:34:31 UTC] PHP Parse error:  syntax error, unexpected '$domain_array' (T_VARIABLE) in /var/www/html/backend/models/User.php on line 1203
[19-Jun-2020 11:37:39 UTC] PHP Parse error:  syntax error, unexpected '$domain_array' (T_VARIABLE) in /var/www/html/backend/models/User.php on line 1203
[19-Jun-2020 11:38:57 UTC] PHP Notice:  Undefined variable: i in /var/www/html/backend/models/User.php on line 1202
[19-Jun-2020 11:38:57 UTC] PHP Notice:  Undefined variable: i in /var/www/html/backend/models/User.php on line 1203
[19-Jun-2020 11:38:57 UTC] PHP Notice:  Undefined variable: i in /var/www/html/backend/models/User.php on line 1203
[19-Jun-2020 11:38:57 UTC] PHP Notice:  Undefined index:  in /var/www/html/backend/models/User.php on line 1203
[19-Jun-2020 11:38:57 UTC] PHP Notice:  Undefined variable: i in /var/www/html/backend/models/User.php on line 1202
[19-Jun-2020 11:40:09 UTC] PHP Notice:  Undefined offset: 1 in /var/www/html/backend/models/User.php on line 1202
[19-Jun-2020 11:40:09 UTC] 
[19-Jun-2020 11:40:09 UTC] PHP Notice:  Undefined variable: i in /var/www/html/backend/models/User.php on line 1203
[19-Jun-2020 11:40:09 UTC] PHP Notice:  Undefined variable: i in /var/www/html/backend/models/User.php on line 1204
[19-Jun-2020 11:40:09 UTC] PHP Notice:  Undefined variable: i in /var/www/html/backend/models/User.php on line 1204
[19-Jun-2020 11:40:09 UTC] PHP Notice:  Undefined index:  in /var/www/html/backend/models/User.php on line 1204
[19-Jun-2020 11:40:09 UTC] PHP Notice:  Undefined variable: i in /var/www/html/backend/models/User.php on line 1203
[19-Jun-2020 11:40:48 UTC] PHP Notice:  Undefined offset: 1 in /var/www/html/backend/models/User.php on line 1202
[19-Jun-2020 11:40:48 UTC] 
[19-Jun-2020 11:41:12 UTC] asdf.com
[19-Jun-2020 11:43:04 UTC] asdf.com
[19-Jun-2020 11:45:24 UTC] asdf.com
[19-Jun-2020 11:48:48 UTC] 0
[19-Jun-2020 11:48:48 UTC] 1
[19-Jun-2020 11:48:48 UTC] 2
[19-Jun-2020 11:48:48 UTC] 3
[19-Jun-2020 11:48:48 UTC] 4
[19-Jun-2020 11:48:48 UTC] 5
[19-Jun-2020 11:54:11 UTC] SELECT * FROM user_domains WHERE domain1 = asdf.com
[19-Jun-2020 11:54:11 UTC] SELECT * FROM user_domains WHERE domain2 = asdf.com
[19-Jun-2020 11:54:11 UTC] SELECT * FROM user_domains WHERE domain3 = asdf.com
[19-Jun-2020 11:54:11 UTC] SELECT * FROM user_domains WHERE domain4 = asdf.com
[19-Jun-2020 11:54:11 UTC] SELECT * FROM user_domains WHERE domain5 = asdf.com
